<?xml version="1.0" encoding="UTF-8"?>
<!-- Generated by org.testng.reporters.JUnitXMLReporter -->
<testsuite ignored="0" hostname="DESKTOP-QR0VDMM" failures="0" tests="3" name="Default test" time="0.283" errors="0" timestamp="2022-11-24T07:02:43 IST">
  <testcase classname="dataDrivenTesting.ContactsTest" name="createConTest" time="0.06"/>
  <testcase classname="dataDrivenTesting.ContactsTest" name="deletTest" time="0.009"/>
  <testcase classname="dataDrivenTesting.ContactsTest" name="modifyContactTest" time="0.002"/>
</testsuite> <!-- Default test -->
