<?xml version="1.0" encoding="UTF-8"?>
<!-- Generated by org.testng.reporters.JUnitXMLReporter -->
<testsuite ignored="0" hostname="DESKTOP-QR0VDMM" failures="0" tests="3" name="Default test" time="0.106" errors="0" timestamp="2022-10-20T19:05:05 IST">
  <testcase classname="dataDrivenTesting.OrganizationTest" name="createOrgTest" time="0.01"/>
  <testcase classname="dataDrivenTesting.OrganizationTest" name="deletOrg" time="0.006"/>
  <testcase classname="dataDrivenTesting.OrganizationTest" name="modifyOrg" time="0.004"/>
</testsuite> <!-- Default test -->
