<?xml version="1.0" encoding="UTF-8"?>
<testng-results ignored="0" total="3" passed="3" failed="0" skipped="0">
  <reporter-output>
  </reporter-output>
  <suite started-at="2022-10-20T09:34:28 IST" name="Default suite" finished-at="2022-10-20T09:34:28 IST" duration-ms="295">
    <groups>
    </groups>
    <test started-at="2022-10-20T09:34:28 IST" name="Default test" finished-at="2022-10-20T09:34:28 IST" duration-ms="295">
      <class name="dataDrivenTesting.OrganizationTest">
        <test-method signature="createOrgTest()[pri:0, instance:dataDrivenTesting.OrganizationTest@1817d444]" started-at="2022-10-20T09:34:28 IST" name="createOrgTest" finished-at="2022-10-20T09:34:28 IST" duration-ms="33" status="PASS">
          <reporter-output>
          </reporter-output>
        </test-method> <!-- createOrgTest -->
        <test-method signature="deletOrg()[pri:0, instance:dataDrivenTesting.OrganizationTest@1817d444]" started-at="2022-10-20T09:34:28 IST" name="deletOrg" finished-at="2022-10-20T09:34:28 IST" duration-ms="16" status="PASS">
          <reporter-output>
          </reporter-output>
        </test-method> <!-- deletOrg -->
        <test-method signature="modifyOrg()[pri:0, instance:dataDrivenTesting.OrganizationTest@1817d444]" started-at="2022-10-20T09:34:28 IST" name="modifyOrg" finished-at="2022-10-20T09:34:28 IST" duration-ms="5" status="PASS">
          <reporter-output>
          </reporter-output>
        </test-method> <!-- modifyOrg -->
      </class> <!-- dataDrivenTesting.OrganizationTest -->
    </test> <!-- Default test -->
  </suite> <!-- Default suite -->
</testng-results>
