<?xml version="1.0" encoding="UTF-8"?>
<testng-results ignored="0" total="4" passed="4" failed="0" skipped="0">
  <reporter-output>
  </reporter-output>
  <suite started-at="2022-10-20T07:15:04 IST" name="Default suite" finished-at="2022-10-20T07:15:04 IST" duration-ms="87">
    <groups>
    </groups>
    <test started-at="2022-10-20T07:15:04 IST" name="Default test" finished-at="2022-10-20T07:15:04 IST" duration-ms="87">
      <class name="sample.Tests.FlipkartTest">
        <test-method signature="addToCart()[pri:0, instance:sample.Tests.FlipkartTest@6ca8564a]" started-at="2022-10-20T07:15:04 IST" name="addToCart" finished-at="2022-10-20T07:15:04 IST" duration-ms="10" status="PASS">
          <reporter-output>
          </reporter-output>
        </test-method> <!-- addToCart -->
        <test-method signature="login()[pri:0, instance:sample.Tests.FlipkartTest@6ca8564a]" started-at="2022-10-20T07:15:04 IST" name="login" finished-at="2022-10-20T07:15:04 IST" duration-ms="1" status="PASS">
          <reporter-output>
          </reporter-output>
        </test-method> <!-- login -->
        <test-method signature="logout()[pri:0, instance:sample.Tests.FlipkartTest@6ca8564a]" started-at="2022-10-20T07:15:04 IST" name="logout" finished-at="2022-10-20T07:15:04 IST" duration-ms="1" status="PASS">
          <reporter-output>
          </reporter-output>
        </test-method> <!-- logout -->
        <test-method signature="removeFromCart()[pri:0, instance:sample.Tests.FlipkartTest@6ca8564a]" started-at="2022-10-20T07:15:04 IST" name="removeFromCart" finished-at="2022-10-20T07:15:04 IST" duration-ms="2" status="PASS">
          <reporter-output>
          </reporter-output>
        </test-method> <!-- removeFromCart -->
      </class> <!-- sample.Tests.FlipkartTest -->
    </test> <!-- Default test -->
  </suite> <!-- Default suite -->
</testng-results>
